<?xml version="1.0" encoding="UTF-8"?>
<!-- Generated by org.testng.reporters.JUnitXMLReporter -->
<testsuite hostname="Mhiremath-L" name="Surefire test" tests="4" failures="0" timestamp="15 Feb 2020 09:14:55 GMT" time="6.95" errors="0">
  <testcase name="creategist" time="4.915" classname="com.thoughtworks.GitHub.GitHubgistsTest"/>
  <testcase name="getnotification" time="0.57" classname="com.thoughtworks.GitHub.GitHubnotificationTest"/>
  <testcase name="getUser" time="1.431" classname="com.thoughtworks.GitHub.GitHubTest"/>
  <testcase name="f" time="0.0" classname="NewTest"/>
</testsuite> <!-- Surefire test -->
