<?xml version="1.0" encoding="UTF-8"?>
<testsuite xmlns:xsi="http://www.w3.org/2001/XMLSchema-instance" xsi:noNamespaceSchemaLocation="https://maven.apache.org/surefire/maven-surefire-plugin/xsd/surefire-test-report-3.0.xsd" version="3.0" name="TestSuite" time="8.28" tests="4" errors="0" skipped="0" failures="0">
  <properties>
[...]
</properties>
  <testcase name="creategist" classname="com.thoughtworks.GitHub.GitHubgistsTest" time="4.916"/>
  <testcase name="getnotification" classname="com.thoughtworks.GitHub.GitHubnotificationTest" time="0.57"/>
  <testcase name="getUser" classname="com.thoughtworks.GitHub.GitHubTest" time="1.429"/>
  <testcase name="f" classname="NewTest" time="0"/>
</testsuite>