<?xml version="1.0" encoding="UTF-8"?>
<testng-results skipped="0" failed="0" total="4" passed="4">
  <reporter-output>
  </reporter-output>
  <suite name="Surefire suite" duration-ms="6950" started-at="2020-02-15T09:14:48Z" finished-at="2020-02-15T09:14:55Z">
    <groups>
    </groups>
    <test name="Surefire test" duration-ms="6950" started-at="2020-02-15T09:14:48Z" finished-at="2020-02-15T09:14:55Z">
      <class name="com.thoughtworks.GitHub.GitHubTest">
        <test-method status="PASS" signature="getUser()[pri:0, instance:com.thoughtworks.GitHub.GitHubTest@52af6cff]" name="getUser" duration-ms="1431" started-at="2020-02-15T14:44:54Z" finished-at="2020-02-15T14:44:55Z">
          <reporter-output>
          </reporter-output>
        </test-method> <!-- getUser -->
      </class> <!-- com.thoughtworks.GitHub.GitHubTest -->
      <class name="NewTest">
        <test-method status="PASS" signature="f()[pri:0, instance:NewTest@735b478]" name="f" duration-ms="0" started-at="2020-02-15T14:44:55Z" finished-at="2020-02-15T14:44:55Z">
          <reporter-output>
          </reporter-output>
        </test-method> <!-- f -->
      </class> <!-- NewTest -->
      <class name="com.thoughtworks.GitHub.GitHubnotificationTest">
        <test-method status="PASS" signature="getnotification()[pri:0, instance:com.thoughtworks.GitHub.GitHubnotificationTest@1936f0f5]" name="getnotification" duration-ms="570" started-at="2020-02-15T14:44:53Z" finished-at="2020-02-15T14:44:54Z">
          <reporter-output>
          </reporter-output>
        </test-method> <!-- getnotification -->
      </class> <!-- com.thoughtworks.GitHub.GitHubnotificationTest -->
      <class name="com.thoughtworks.GitHub.GitHubgistsTest">
        <test-method status="PASS" signature="creategist()[pri:0, instance:com.thoughtworks.GitHub.GitHubgistsTest@2c9f9fb0]" name="creategist" duration-ms="4915" started-at="2020-02-15T14:44:48Z" finished-at="2020-02-15T14:44:53Z">
          <reporter-output>
          </reporter-output>
        </test-method> <!-- creategist -->
      </class> <!-- com.thoughtworks.GitHub.GitHubgistsTest -->
    </test> <!-- Surefire test -->
  </suite> <!-- Surefire suite -->
</testng-results>
