<?xml version="1.0" encoding="UTF-8"?>
<testng-results skipped="0" failed="0" total="1" passed="1">
  <reporter-output>
  </reporter-output>
  <suite name="Default suite" duration-ms="3357" started-at="2020-02-15T06:53:45Z" finished-at="2020-02-15T06:53:48Z">
    <groups>
    </groups>
    <test name="Default test" duration-ms="3357" started-at="2020-02-15T06:53:45Z" finished-at="2020-02-15T06:53:48Z">
      <class name="com.thoughtworks.GitHub.GitHubgistsTest">
        <test-method status="PASS" signature="creategist()[pri:0, instance:com.thoughtworks.GitHub.GitHubgistsTest@48eff760]" name="creategist" duration-ms="3346" started-at="2020-02-15T12:23:45Z" finished-at="2020-02-15T12:23:48Z">
          <reporter-output>
          </reporter-output>
        </test-method> <!-- creategist -->
      </class> <!-- com.thoughtworks.GitHub.GitHubgistsTest -->
    </test> <!-- Default test -->
  </suite> <!-- Default suite -->
</testng-results>
